{"message":"Logging initialized at debug level","level":"debug"}
{"message":"Server running on 3003","level":"info"}
{"message":"Logging initialized at debug level","level":"debug"}
{"message":"Server running on 3003","level":"info"}
{"level":"error","message":"Client Error:"}
{"message":"Logging initialized at debug level","level":"debug"}
{"message":"Server running on 3003","level":"info"}
{"message":"Logging initialized at debug level","level":"debug"}
{"message":"Server running on 3003","level":"info"}
{"message":"Logging initialized at debug level","level":"debug"}
{"message":"Server running on 3003","level":"info"}
{"message":"Logging initialized at debug level","level":"debug"}
{"message":"Server running on 3003","level":"info"}
{"message":"Logging initialized at debug level","level":"debug"}
{"message":"Server running on 3003","level":"info"}
{"message":"Logging initialized at debug level","level":"debug"}
{"message":"Server running on 3003","level":"info"}
{"message":"Logging initialized at debug level","level":"debug"}
{"message":"Server running on 3003","level":"info"}
{"message":"Logging initialized at debug level","level":"debug"}
{"message":"Server running on 3003","level":"info"}
{"message":"Logging initialized at debug level","level":"debug"}
{"message":"Server running on 3003","level":"info"}
{"message":"Logging initialized at debug level","level":"debug"}
{"message":"Server running on 3003","level":"info"}
{"message":"Logging initialized at debug level","level":"debug"}
{"message":"Server running on 3003","level":"info"}
{"message":"Logging initialized at debug level","level":"debug"}
{"message":"Server running on 3003","level":"info"}
{"message":"Logging initialized at debug level","level":"debug"}
{"message":"Server running on 3003","level":"info"}
{"message":"Logging initialized at debug level","level":"debug"}
{"message":"Server running on 3003","level":"info"}
{"message":"Logging initialized at debug level","level":"debug"}
{"message":"Server running on 3003","level":"info"}
{"message":"Logging initialized at debug level","level":"debug"}
{"message":"Server running on 3003","level":"info"}
{"message":"Logging initialized at debug level","level":"debug"}
{"message":"Server running on 3003","level":"info"}
{"message":"Logging initialized at debug level","level":"debug"}
{"message":"Server running on 3003","level":"info"}
{"message":"Logging initialized at debug level","level":"debug"}
{"message":"Server running on 3003","level":"info"}
{"message":"Logging initialized at debug level","level":"debug"}
{"message":"Server running on 3003","level":"info"}
{"message":"Logging initialized at debug level","level":"debug"}
{"message":"Server running on 3003","level":"info"}
{"message":"Logging initialized at debug level","level":"debug"}
{"message":"Server running on 3003","level":"info"}
{"message":"Logging initialized at debug level","level":"debug"}
{"message":"Server running on 3003","level":"info"}
{"message":"Logging initialized at debug level","level":"debug"}
{"message":"Server running on 3003","level":"info"}
{"message":"Logging initialized at debug level","level":"debug"}
{"message":"Server running on 3003","level":"info"}
{"message":"Logging initialized at debug level","level":"debug"}
{"message":"Server running on 3003","level":"info"}
{"message":"Logging initialized at debug level","level":"debug"}
{"message":"Server running on 3003","level":"info"}
{"message":"Logging initialized at debug level","level":"debug"}
{"message":"Server running on 3003","level":"info"}
{"message":"Logging initialized at debug level","level":"debug"}
{"message":"Server running on 3003","level":"info"}
{"message":"\nInvalid `prisma.user.create()` invocation:\n\n\n  Unique constraint failed on the fields: (`username`)","level":"error"}
{"message":"There is unique constraint violation, anew user cannot be created","level":"error"}
{"code":"P2002","clientVersion":"2.30.3","meta":{"target":["username"]},"level":"error","message":"Missing err \nInvalid `prisma.user.create()` invocation:\n\n\n  Unique constraint failed on the fields: (`username`)","stack":"Error: \nInvalid `prisma.user.create()` invocation:\n\n\n  Unique constraint failed on the fields: (`username`)\n    at cb (/home/anhtumai/Documents/grokking_fullstack/roomie-backend/node_modules/@prisma/client/runtime/index.js:36494:17)\n    at processTicksAndRejections (internal/process/task_queues.js:95:5)"}
{"message":"Logging initialized at debug level","level":"debug"}
{"message":"Server running on 3003","level":"info"}
{"message":"\nInvalid `prisma.user.create()` invocation:\n\n\n  Unique constraint failed on the fields: (`username`)","level":"error"}
{"message":"There is unique constraint violation, anew user cannot be created","level":"error"}
{"code":"P2002","clientVersion":"2.30.3","meta":{"target":["username"]},"level":"error","message":"Missing err \nInvalid `prisma.user.create()` invocation:\n\n\n  Unique constraint failed on the fields: (`username`)","stack":"Error: \nInvalid `prisma.user.create()` invocation:\n\n\n  Unique constraint failed on the fields: (`username`)\n    at cb (/home/anhtumai/Documents/grokking_fullstack/roomie-backend/node_modules/@prisma/client/runtime/index.js:36494:17)\n    at processTicksAndRejections (internal/process/task_queues.js:95:5)"}
{"message":"Logging initialized at debug level","level":"debug"}
{"message":"Server running on 3003","level":"info"}
{"message":"\nInvalid `prisma.user.create()` invocation:\n\n\n  Unique constraint failed on the fields: (`username`)","level":"error"}
{"message":"There is unique constraint violation, anew user cannot be created","level":"error"}
{"code":"P2002","clientVersion":"2.30.3","meta":{"target":["username"]},"level":"error","message":"Missing err \nInvalid `prisma.user.create()` invocation:\n\n\n  Unique constraint failed on the fields: (`username`)","stack":"Error: \nInvalid `prisma.user.create()` invocation:\n\n\n  Unique constraint failed on the fields: (`username`)\n    at cb (/home/anhtumai/Documents/grokking_fullstack/roomie-backend/node_modules/@prisma/client/runtime/index.js:36494:17)\n    at processTicksAndRejections (internal/process/task_queues.js:95:5)"}
{"message":"Logging initialized at debug level","level":"debug"}
{"message":"Server running on 3003","level":"info"}
{"message":"\nInvalid `prisma.user.create()` invocation:\n\n\n  Unique constraint failed on the fields: (`username`)","level":"error"}
{"message":"\nInvalid `prisma.user.create()` invocation:\n\n\n  Unique constraint failed on the fields: (`username`)","level":"error"}
{"message":"\nInvalid `prisma.user.create()` invocation:\n\n\n  Unique constraint failed on the fields: (`username`)","level":"error"}
{"message":"\nInvalid `prisma.user.create()` invocation:\n\n\n  Unique constraint failed on the fields: (`username`)","level":"error"}
{"level":"error","message":"Client Error:"}
{"level":"error","message":"Client Error:"}
{"message":"Logging initialized at debug level","level":"debug"}
{"message":"Server running on 3003","level":"info"}
{"level":"error","message":"Client Error:"}
{"message":"\nInvalid `prisma.account.create()` invocation:\n\n\n  Unique constraint failed on the fields: (`username`)","level":"error"}
{"message":"\nInvalid `prisma.account.create()` invocation:\n\n\n  Unique constraint failed on the fields: (`username`)","level":"error"}
{"level":"error","message":"Client Error:"}
